2020-02-04 10:26:36.656994: I tensorflow/stream_executor/platform/default/dso_loader.cc:44] Successfully opened dynamic library libcuda.so.1
2020-02-04 10:26:36.956797: I tensorflow/core/common_runtime/gpu/gpu_device.cc:1618] Found device 0 with properties: 
name: Tesla V100-SXM2-32GB major: 7 minor: 0 memoryClockRate(GHz): 1.53
pciBusID: 0000:16:00.0
2020-02-04 10:26:36.958862: I tensorflow/core/common_runtime/gpu/gpu_device.cc:1618] Found device 1 with properties: 
name: Tesla V100-SXM2-32GB major: 7 minor: 0 memoryClockRate(GHz): 1.53
pciBusID: 0000:3a:00.0
2020-02-04 10:26:36.960885: I tensorflow/core/common_runtime/gpu/gpu_device.cc:1618] Found device 2 with properties: 
name: Tesla V100-SXM2-32GB major: 7 minor: 0 memoryClockRate(GHz): 1.53
pciBusID: 0000:3b:00.0
2020-02-04 10:26:36.962879: I tensorflow/core/common_runtime/gpu/gpu_device.cc:1618] Found device 3 with properties: 
name: Tesla V100-SXM2-32GB major: 7 minor: 0 memoryClockRate(GHz): 1.53
pciBusID: 0000:89:00.0
2020-02-04 10:26:36.964005: I tensorflow/stream_executor/platform/default/dso_loader.cc:44] Successfully opened dynamic library libcudart.so.10.0
2020-02-04 10:26:36.967176: I tensorflow/stream_executor/platform/default/dso_loader.cc:44] Successfully opened dynamic library libcublas.so.10.0
2020-02-04 10:26:36.969467: I tensorflow/stream_executor/platform/default/dso_loader.cc:44] Successfully opened dynamic library libcufft.so.10.0
2020-02-04 10:26:36.970426: I tensorflow/stream_executor/platform/default/dso_loader.cc:44] Successfully opened dynamic library libcurand.so.10.0
2020-02-04 10:26:36.972956: I tensorflow/stream_executor/platform/default/dso_loader.cc:44] Successfully opened dynamic library libcusolver.so.10.0
2020-02-04 10:26:36.975131: I tensorflow/stream_executor/platform/default/dso_loader.cc:44] Successfully opened dynamic library libcusparse.so.10.0
2020-02-04 10:26:36.980169: I tensorflow/stream_executor/platform/default/dso_loader.cc:44] Successfully opened dynamic library libcudnn.so.7
2020-02-04 10:26:36.995833: I tensorflow/core/common_runtime/gpu/gpu_device.cc:1746] Adding visible gpu devices: 0, 1, 2, 3
2020-02-04 10:26:36.997731: I tensorflow/core/platform/cpu_feature_guard.cc:142] Your CPU supports instructions that this TensorFlow binary was not compiled to use: SSE4.1 SSE4.2 AVX AVX2 AVX512F FMA
2020-02-04 10:26:37.009252: I tensorflow/core/platform/profile_utils/cpu_utils.cc:94] CPU Frequency: 3000000000 Hz
2020-02-04 10:26:37.010744: I tensorflow/compiler/xla/service/service.cc:168] XLA service 0x555559731fa0 executing computations on platform Host. Devices:
2020-02-04 10:26:37.010770: I tensorflow/compiler/xla/service/service.cc:175]   StreamExecutor device (0): Host, Default Version
2020-02-04 10:26:37.612224: I tensorflow/core/common_runtime/gpu/gpu_device.cc:1618] Found device 0 with properties: 
name: Tesla V100-SXM2-32GB major: 7 minor: 0 memoryClockRate(GHz): 1.53
pciBusID: 0000:16:00.0
2020-02-04 10:26:37.614280: I tensorflow/core/common_runtime/gpu/gpu_device.cc:1618] Found device 1 with properties: 
name: Tesla V100-SXM2-32GB major: 7 minor: 0 memoryClockRate(GHz): 1.53
pciBusID: 0000:3a:00.0
2020-02-04 10:26:37.616265: I tensorflow/core/common_runtime/gpu/gpu_device.cc:1618] Found device 2 with properties: 
name: Tesla V100-SXM2-32GB major: 7 minor: 0 memoryClockRate(GHz): 1.53
pciBusID: 0000:3b:00.0
2020-02-04 10:26:37.618231: I tensorflow/core/common_runtime/gpu/gpu_device.cc:1618] Found device 3 with properties: 
name: Tesla V100-SXM2-32GB major: 7 minor: 0 memoryClockRate(GHz): 1.53
pciBusID: 0000:89:00.0
2020-02-04 10:26:37.618287: I tensorflow/stream_executor/platform/default/dso_loader.cc:44] Successfully opened dynamic library libcudart.so.10.0
2020-02-04 10:26:37.618298: I tensorflow/stream_executor/platform/default/dso_loader.cc:44] Successfully opened dynamic library libcublas.so.10.0
2020-02-04 10:26:37.618308: I tensorflow/stream_executor/platform/default/dso_loader.cc:44] Successfully opened dynamic library libcufft.so.10.0
2020-02-04 10:26:37.618318: I tensorflow/stream_executor/platform/default/dso_loader.cc:44] Successfully opened dynamic library libcurand.so.10.0
2020-02-04 10:26:37.618332: I tensorflow/stream_executor/platform/default/dso_loader.cc:44] Successfully opened dynamic library libcusolver.so.10.0
2020-02-04 10:26:37.618341: I tensorflow/stream_executor/platform/default/dso_loader.cc:44] Successfully opened dynamic library libcusparse.so.10.0
2020-02-04 10:26:37.618351: I tensorflow/stream_executor/platform/default/dso_loader.cc:44] Successfully opened dynamic library libcudnn.so.7
2020-02-04 10:26:37.633874: I tensorflow/core/common_runtime/gpu/gpu_device.cc:1746] Adding visible gpu devices: 0, 1, 2, 3
2020-02-04 10:26:37.633916: I tensorflow/stream_executor/platform/default/dso_loader.cc:44] Successfully opened dynamic library libcudart.so.10.0
2020-02-04 10:26:37.643225: I tensorflow/core/common_runtime/gpu/gpu_device.cc:1159] Device interconnect StreamExecutor with strength 1 edge matrix:
2020-02-04 10:26:37.643240: I tensorflow/core/common_runtime/gpu/gpu_device.cc:1165]      0 1 2 3 
2020-02-04 10:26:37.643251: I tensorflow/core/common_runtime/gpu/gpu_device.cc:1178] 0:   N Y Y Y 
2020-02-04 10:26:37.643256: I tensorflow/core/common_runtime/gpu/gpu_device.cc:1178] 1:   Y N Y Y 
2020-02-04 10:26:37.643260: I tensorflow/core/common_runtime/gpu/gpu_device.cc:1178] 2:   Y Y N Y 
2020-02-04 10:26:37.643265: I tensorflow/core/common_runtime/gpu/gpu_device.cc:1178] 3:   Y Y Y N 
2020-02-04 10:26:37.655533: I tensorflow/core/common_runtime/gpu/gpu_device.cc:1304] Created TensorFlow device (/job:localhost/replica:0/task:0/device:GPU:0 with 30555 MB memory) -> physical GPU (device: 0, name: Tesla V100-SXM2-32GB, pci bus id: 0000:16:00.0, compute capability: 7.0)
2020-02-04 10:26:37.659776: I tensorflow/core/common_runtime/gpu/gpu_device.cc:1304] Created TensorFlow device (/job:localhost/replica:0/task:0/device:GPU:1 with 30555 MB memory) -> physical GPU (device: 1, name: Tesla V100-SXM2-32GB, pci bus id: 0000:3a:00.0, compute capability: 7.0)
2020-02-04 10:26:37.663924: I tensorflow/core/common_runtime/gpu/gpu_device.cc:1304] Created TensorFlow device (/job:localhost/replica:0/task:0/device:GPU:2 with 30555 MB memory) -> physical GPU (device: 2, name: Tesla V100-SXM2-32GB, pci bus id: 0000:3b:00.0, compute capability: 7.0)
2020-02-04 10:26:37.668024: I tensorflow/core/common_runtime/gpu/gpu_device.cc:1304] Created TensorFlow device (/job:localhost/replica:0/task:0/device:GPU:3 with 30555 MB memory) -> physical GPU (device: 3, name: Tesla V100-SXM2-32GB, pci bus id: 0000:89:00.0, compute capability: 7.0)
2020-02-04 10:26:37.670568: I tensorflow/compiler/xla/service/service.cc:168] XLA service 0x55555c0112a0 executing computations on platform CUDA. Devices:
2020-02-04 10:26:37.670584: I tensorflow/compiler/xla/service/service.cc:175]   StreamExecutor device (0): Tesla V100-SXM2-32GB, Compute Capability 7.0
2020-02-04 10:26:37.670590: I tensorflow/compiler/xla/service/service.cc:175]   StreamExecutor device (1): Tesla V100-SXM2-32GB, Compute Capability 7.0
2020-02-04 10:26:37.670595: I tensorflow/compiler/xla/service/service.cc:175]   StreamExecutor device (2): Tesla V100-SXM2-32GB, Compute Capability 7.0
2020-02-04 10:26:37.670600: I tensorflow/compiler/xla/service/service.cc:175]   StreamExecutor device (3): Tesla V100-SXM2-32GB, Compute Capability 7.0
2020-02-04 10:26:37.677464: I tensorflow/core/common_runtime/gpu/gpu_device.cc:1618] Found device 0 with properties: 
name: Tesla V100-SXM2-32GB major: 7 minor: 0 memoryClockRate(GHz): 1.53
pciBusID: 0000:16:00.0
2020-02-04 10:26:37.679444: I tensorflow/core/common_runtime/gpu/gpu_device.cc:1618] Found device 1 with properties: 
name: Tesla V100-SXM2-32GB major: 7 minor: 0 memoryClockRate(GHz): 1.53
pciBusID: 0000:3a:00.0
2020-02-04 10:26:37.681402: I tensorflow/core/common_runtime/gpu/gpu_device.cc:1618] Found device 2 with properties: 
name: Tesla V100-SXM2-32GB major: 7 minor: 0 memoryClockRate(GHz): 1.53
pciBusID: 0000:3b:00.0
2020-02-04 10:26:37.683332: I tensorflow/core/common_runtime/gpu/gpu_device.cc:1618] Found device 3 with properties: 
name: Tesla V100-SXM2-32GB major: 7 minor: 0 memoryClockRate(GHz): 1.53
pciBusID: 0000:89:00.0
2020-02-04 10:26:37.683359: I tensorflow/stream_executor/platform/default/dso_loader.cc:44] Successfully opened dynamic library libcudart.so.10.0
2020-02-04 10:26:37.683370: I tensorflow/stream_executor/platform/default/dso_loader.cc:44] Successfully opened dynamic library libcublas.so.10.0
2020-02-04 10:26:37.683379: I tensorflow/stream_executor/platform/default/dso_loader.cc:44] Successfully opened dynamic library libcufft.so.10.0
2020-02-04 10:26:37.683388: I tensorflow/stream_executor/platform/default/dso_loader.cc:44] Successfully opened dynamic library libcurand.so.10.0
2020-02-04 10:26:37.683397: I tensorflow/stream_executor/platform/default/dso_loader.cc:44] Successfully opened dynamic library libcusolver.so.10.0
2020-02-04 10:26:37.683405: I tensorflow/stream_executor/platform/default/dso_loader.cc:44] Successfully opened dynamic library libcusparse.so.10.0
2020-02-04 10:26:37.683415: I tensorflow/stream_executor/platform/default/dso_loader.cc:44] Successfully opened dynamic library libcudnn.so.7
2020-02-04 10:26:37.698884: I tensorflow/core/common_runtime/gpu/gpu_device.cc:1746] Adding visible gpu devices: 0, 1, 2, 3
2020-02-04 10:26:37.699160: I tensorflow/core/common_runtime/gpu/gpu_device.cc:1159] Device interconnect StreamExecutor with strength 1 edge matrix:
2020-02-04 10:26:37.699167: I tensorflow/core/common_runtime/gpu/gpu_device.cc:1165]      0 1 2 3 
2020-02-04 10:26:37.699173: I tensorflow/core/common_runtime/gpu/gpu_device.cc:1178] 0:   N Y Y Y 
2020-02-04 10:26:37.699178: I tensorflow/core/common_runtime/gpu/gpu_device.cc:1178] 1:   Y N Y Y 
2020-02-04 10:26:37.699182: I tensorflow/core/common_runtime/gpu/gpu_device.cc:1178] 2:   Y Y N Y 
2020-02-04 10:26:37.699187: I tensorflow/core/common_runtime/gpu/gpu_device.cc:1178] 3:   Y Y Y N 
2020-02-04 10:26:37.709355: I tensorflow/core/common_runtime/gpu/gpu_device.cc:1304] Created TensorFlow device (/device:GPU:0 with 30555 MB memory) -> physical GPU (device: 0, name: Tesla V100-SXM2-32GB, pci bus id: 0000:16:00.0, compute capability: 7.0)
2020-02-04 10:26:37.711325: I tensorflow/core/common_runtime/gpu/gpu_device.cc:1304] Created TensorFlow device (/device:GPU:1 with 30555 MB memory) -> physical GPU (device: 1, name: Tesla V100-SXM2-32GB, pci bus id: 0000:3a:00.0, compute capability: 7.0)
2020-02-04 10:26:37.713298: I tensorflow/core/common_runtime/gpu/gpu_device.cc:1304] Created TensorFlow device (/device:GPU:2 with 30555 MB memory) -> physical GPU (device: 2, name: Tesla V100-SXM2-32GB, pci bus id: 0000:3b:00.0, compute capability: 7.0)
2020-02-04 10:26:37.715256: I tensorflow/core/common_runtime/gpu/gpu_device.cc:1304] Created TensorFlow device (/device:GPU:3 with 30555 MB memory) -> physical GPU (device: 3, name: Tesla V100-SXM2-32GB, pci bus id: 0000:89:00.0, compute capability: 7.0)
Starting load of 1/10 .mat files
Starting load of 2/10 .mat files
Starting load of 3/10 .mat files
Starting load of 4/10 .mat files
Starting load of 5/10 .mat files
Starting load of 6/10 .mat files
Starting load of 7/10 .mat files
Starting load of 8/10 .mat files
Starting load of 9/10 .mat files
Starting load of 10/10 .mat files
[Step 0] 
exData (10, 130000, 8)
labels (10, 130000, 1)
[Step 1 ==> processing] Shape of emg: (10, 130000, 8)
[Step 1 ==> processing] Shape of labels: (10, 130000, 1)
[Step 1 ==> processing] Shape of reps: (10, 130000, 1)
[Step 1 ==> processing] Shape of subjects: (10, 130000, 1)
[Step 2 ==> augment] Shape of emg: (10, 130000, 8)
[Step 2 ==> augment] Shape of labels: (10, 130000, 1)
[Step 2 ==> augment] Shape of reps: (10, 130000, 1)
[Step 2 ==> augment] Shape of subjects: (10, 130000, 1)
[Step 3 ==> moveaxis] Shape of emg: (10, 25990, 8, 52)
[Step 3 ==> moveaxis] Shape of labels: (10, 25990, 1, 52)
[Step 3 ==> moveaxis] Shape of reps: (10, 25990, 1, 52)
[Step 3 ==> moveaxis] Shape of subjects: (10, 25990, 1, 52)
[Step 4 ==> scale] Shape of emg: (259900, 52, 8)
[Step 4 ==> scale] Shape of labels: (259900,)
[Step 3 ==> scale] Shape of reps: (259900,)
[Step 3 ==> scale] Shape of subjects: (259900,)
Starting load of 1/10 .mat files
Starting load of 2/10 .mat files
Starting load of 3/10 .mat files
Starting load of 4/10 .mat files
Starting load of 5/10 .mat files
Starting load of 6/10 .mat files
Starting load of 7/10 .mat files
Starting load of 8/10 .mat files
Starting load of 9/10 .mat files
Starting load of 10/10 .mat files
[Step 0] 
exData (10, 130000, 8)
labels (10, 130000, 1)
[Step 1 ==> processing] Shape of emg: (10, 130000, 8)
[Step 1 ==> processing] Shape of labels: (10, 130000, 1)
[Step 1 ==> processing] Shape of reps: (10, 130000, 1)
[Step 1 ==> processing] Shape of subjects: (10, 130000, 1)
[Step 2 ==> augment] Shape of emg: (10, 130000, 8)
[Step 2 ==> augment] Shape of labels: (10, 130000, 1)
[Step 2 ==> augment] Shape of reps: (10, 130000, 1)
[Step 2 ==> augment] Shape of subjects: (10, 130000, 1)
[Step 3 ==> moveaxis] Shape of emg: (10, 25990, 8, 52)
[Step 3 ==> moveaxis] Shape of labels: (10, 25990, 1, 52)
[Step 3 ==> moveaxis] Shape of reps: (10, 25990, 1, 52)
[Step 3 ==> moveaxis] Shape of subjects: (10, 25990, 1, 52)
[Step 4 ==> scale] Shape of emg: (259900, 52, 8)
[Step 4 ==> scale] Shape of labels: (259900,)
[Step 3 ==> scale] Shape of reps: (259900,)
[Step 3 ==> scale] Shape of subjects: (259900,)
(207872, 52, 8)
Traceback (most recent call last):
  File "/users/josephsd/.conda/envs/capstone/lib/python3.7/site-packages/tensorflow_core/python/keras/engine/training_utils.py", line 499, in standardize_input_data
    for x in names
  File "/users/josephsd/.conda/envs/capstone/lib/python3.7/site-packages/tensorflow_core/python/keras/engine/training_utils.py", line 499, in <listcomp>
    for x in names
KeyError: 'fft'

During handling of the above exception, another exception occurred:

Traceback (most recent call last):
  File "mtask.py", line 102, in <module>
    epochs=100, validation_data = (x_val, {'gesture':y_val}), batch_size=batch, callbacks=[clr, EarlyStopping(monitor='val_gesture_loss', patience=25)])
  File "/users/josephsd/.conda/envs/capstone/lib/python3.7/site-packages/tensorflow_core/python/keras/engine/training.py", line 728, in fit
    use_multiprocessing=use_multiprocessing)
  File "/users/josephsd/.conda/envs/capstone/lib/python3.7/site-packages/tensorflow_core/python/keras/engine/training_v2.py", line 224, in fit
    distribution_strategy=strategy)
  File "/users/josephsd/.conda/envs/capstone/lib/python3.7/site-packages/tensorflow_core/python/keras/engine/training_v2.py", line 564, in _process_training_inputs
    distribution_strategy=distribution_strategy)
  File "/users/josephsd/.conda/envs/capstone/lib/python3.7/site-packages/tensorflow_core/python/keras/engine/training_v2.py", line 594, in _process_inputs
    steps=steps)
  File "/users/josephsd/.conda/envs/capstone/lib/python3.7/site-packages/tensorflow_core/python/keras/engine/training.py", line 2519, in _standardize_user_data
    exception_prefix='target')
  File "/users/josephsd/.conda/envs/capstone/lib/python3.7/site-packages/tensorflow_core/python/keras/engine/training_utils.py", line 503, in standardize_input_data
    'for each key in: ' + str(names))
ValueError: No data provided for "fft". Need data for each key in: ['gesture', 'fft']
